<?xml version="1.0" encoding="UTF-8" ?>
<testsuite errors="0" failures="2" hostname="TACC-AirSpare02.local" name="original.MainTest" tests="2" time="0.078" timestamp="2013-09-22T06:03:17">
  <properties>
[...]
</properties>
  <testcase classname="original.MainTest" name="testMainNoArgs" time="0.015">
    <failure message="out.txt differs from correct/NoArgs.txt on line 1" type="junit.framework.AssertionFailedError">junit.framework.AssertionFailedError: out.txt differs from correct/NoArgs.txt on line 1
	at RegTest.Utility.compareFiles(Utility.java:74)
	at RegTest.Utility.validate(Utility.java:168)
	at original.MainTest.testMainNoArgs(MainTest.java:20)
</failure>
  </testcase>
  <testcase classname="original.MainTest" name="testMainWArgs" time="0.0050">
    <failure message="out.txt differs from correct/WArgs.txt on line 7" type="junit.framework.AssertionFailedError">junit.framework.AssertionFailedError: out.txt differs from correct/WArgs.txt on line 7
	at RegTest.Utility.compareFiles(Utility.java:74)
	at RegTest.Utility.validate(Utility.java:168)
	at original.MainTest.testMainWArgs(MainTest.java:28)
</failure>
  </testcase>
  <system-out><![CDATA[]]></system-out>
  <system-err><![CDATA[
>mylist{ // has 0 elements
>mylist{ // has 6 elements

>mylist{ // has 0 elements
>mylist{ // has 6 elements
]]></system-err>
</testsuite>
